\BOOKMARK [1][-]{section.1}{\376\377\137\025\212\000}{}% 1
\BOOKMARK [2][-]{subsection.1.1}{\376\377\121\163\116\216\000b\000i\000b\000l\000a\000t\000e\000x}{section.1}% 2
\BOOKMARK [2][-]{subsection.1.2}{\376\377\213\270\123\357}{section.1}% 3
\BOOKMARK [2][-]{subsection.1.3}{\376\377\123\315\231\210}{section.1}% 4
\BOOKMARK [2][-]{subsection.1.4}{\376\377\201\364\214\042}{section.1}% 5
\BOOKMARK [2][-]{subsection.1.5}{\376\377\122\115\143\320\116\016\137\305\131\007}{section.1}% 6
\BOOKMARK [3][-]{subsubsection.1.5.1}{\376\377\137\305\230\173\215\104\156\220}{subsection.1.5}% 7
\BOOKMARK [3][-]{subsubsection.1.5.2}{\376\377\143\250\203\120\123\005}{subsection.1.5}% 8
\BOOKMARK [3][-]{subsubsection.1.5.3}{\376\377\121\174\133\271\166\204\123\005}{subsection.1.5}% 9
\BOOKMARK [3][-]{subsubsection.1.5.4}{\376\377\116\015\121\174\133\271\166\204\123\005}{subsection.1.5}% 10
\BOOKMARK [3][-]{subsubsection.1.5.5}{\376\377\000b\000i\000b\000e\000r\000/\000b\000i\000b\000l\000a\000t\000e\000x\121\174\133\271\140\047}{subsection.1.5}% 11
\BOOKMARK [1][-]{section.2}{\376\377\145\160\143\156\136\223\143\007\123\127}{}% 12
\BOOKMARK [2][-]{subsection.2.1}{\376\377\147\141\166\356\174\173\127\213}{section.2}% 13
\BOOKMARK [3][-]{subsubsection.2.1.1}{\376\377\136\070\211\304\174\173\127\213}{subsection.2.1}% 14
\BOOKMARK [3][-]{subsubsection.2.1.2}{\376\377\174\173\127\213\122\053\124\015}{subsection.2.1}% 15
\BOOKMARK [3][-]{subsubsection.2.1.3}{\376\377\116\015\145\057\143\001\166\204\147\141\166\356\174\173\127\213}{subsection.2.1}% 16
\BOOKMARK [2][-]{subsection.2.2}{\376\377\147\141\166\356\127\337\000\040\000E\000n\000t\000r\000y\000\040\000F\000i\000e\000l\000d\000s}{section.2}% 17
\BOOKMARK [3][-]{subsubsection.2.2.1}{\376\377\145\160\143\156\174\173\127\213\000\040\000D\000a\000t\000a\000\040\000T\000y\000p\000e\000s}{subsection.2.2}% 18
\BOOKMARK [3][-]{subsubsection.2.2.2}{\376\377\145\160\143\156\127\337\000\040\000D\000a\000t\000a\000\040\000F\000i\000e\000l\000d\000s}{subsection.2.2}% 19
\BOOKMARK [3][-]{subsubsection.2.2.3}{\376\377\162\171\153\212\127\337\000\040\000S\000p\000e\000c\000i\000a\000l\000\040\000F\000i\000e\000l\000d\000s}{subsection.2.2}% 20
\BOOKMARK [3][-]{subsubsection.2.2.4}{\376\377\201\352\133\232\116\111\127\337\000\040\000C\000u\000s\000t\000o\000m\000\040\000F\000i\000e\000l\000d\000s}{subsection.2.2}% 21
\BOOKMARK [3][-]{subsubsection.2.2.5}{\376\377\127\337\166\204\122\053\124\015\000\040\000F\000i\000e\000l\000d\000\040\000A\000l\000i\000a\000s\000e\000s}{subsection.2.2}% 22
\BOOKMARK [2][-]{subsection.2.3}{\376\377\117\177\165\050\154\350\141\017\116\213\230\171\000\040\000U\000s\000a\000g\000e\000\040\000N\000o\000t\000e\000s}{section.2}% 23
\BOOKMARK [3][-]{subsubsection.2.3.1}{\376\377\000i\000n\000b\000o\000o\000k\147\141\166\356\174\173\127\213\000\040\000T\000h\000e\000\040\000E\000n\000t\000r\000y\000\040\000T\000y\000p\000e\000\040\000i\000n\000b\000o\000o\000k}{subsection.2.3}% 24
\BOOKMARK [3][-]{subsubsection.2.3.2}{\376\377\177\072\131\061\124\214\123\357\137\375\165\145\145\160\143\156\000\040\000M\000i\000s\000s\000i\000n\000g\000\040\000a\000n\000d\000\040\000O\000m\000i\000s\000s\000i\000b\000l\000e\000\040\000D\000a\000t\000a}{subsection.2.3}% 25
\BOOKMARK [3][-]{subsubsection.2.3.3}{\376\377\226\306\117\123\117\134\200\005\124\214\177\026\200\005\000\040\000C\000o\000r\000p\000o\000r\000a\000t\000e\000\040\000A\000u\000t\000h\000o\000r\000s\000\040\000a\000n\000d\000\040\000E\000d\000i\000t\000o\000r\000s}{subsection.2.3}% 26
\BOOKMARK [3][-]{subsubsection.2.3.4}{\376\377\123\237\150\067\217\223\121\372\122\027\210\150\000\040\000L\000i\000t\000e\000r\000a\000l\000\040\000L\000i\000s\000t\000s}{subsection.2.3}% 27
\BOOKMARK [3][-]{subsubsection.2.3.5}{\376\377\230\230\124\015\000\040\000T\000i\000t\000l\000e\000s}{subsection.2.3}% 28
\BOOKMARK [3][-]{subsubsection.2.3.6}{\376\377\177\026\217\221\211\322\202\162\000\040\000E\000d\000i\000t\000o\000r\000i\000a\000l\000\040\000R\000o\000l\000e\000s}{subsection.2.3}% 29
\BOOKMARK [3][-]{subsubsection.2.3.7}{\376\377\121\372\162\110\162\151\124\214\147\037\122\012\174\373\122\027\000\040\000P\000u\000b\000l\000i\000c\000a\000t\000i\000o\000n\000\040\000a\000n\000d\000\040\000J\000o\000u\000r\000n\000a\000l\000\040\000S\000e\000r\000i\000e\000s}{subsection.2.3}% 30
\BOOKMARK [3][-]{subsubsection.2.3.8}{\376\377\145\345\147\037\150\074\137\017\000\040\000D\000a\000t\000e\000\040\000S\000p\000e\000c\000i\000f\000i\000c\000a\000t\000i\000o\000n\000s}{subsection.2.3}% 31
\BOOKMARK [3][-]{subsubsection.2.3.9}{\376\377\147\010\116\375\124\214\147\037\122\012\133\143\136\246\123\367\000\040\000M\000o\000n\000t\000h\000s\000\040\000a\000n\000d\000\040\000J\000o\000u\000r\000n\000a\000l\000\040\000I\000s\000s\000u\000e\000s}{subsection.2.3}% 32
\BOOKMARK [3][-]{subsubsection.2.3.10}{\376\377\150\007\213\260\230\165\170\001\000\040\000P\000a\000g\000i\000n\000a\000t\000i\000o\000n}{subsection.2.3}% 33
\BOOKMARK [2][-]{subsection.2.4}{\376\377\143\320\171\072\116\016\213\146\124\112\000\040\000H\000i\000n\000t\000s\000\040\000a\000n\000d\000\040\000C\000a\000v\000e\000a\000t\000s}{section.2}% 34
\BOOKMARK [3][-]{subsubsection.2.4.1}{\376\377\116\244\123\311\137\025\165\050\000\040\000C\000r\000o\000s\000s\000-\000r\000e\000f\000e\000r\000e\000n\000c\000i\000n\000g}{subsection.2.4}% 35
\BOOKMARK [3][-]{subsubsection.2.4.2}{\376\377\200\375\122\233\225\356\230\230\000\040\000C\000a\000p\000a\000c\000i\000t\000y\000\040\000I\000s\000s\000u\000e\000s}{subsection.2.4}% 36
\BOOKMARK [3][-]{subsubsection.2.4.3}{\376\377\143\222\136\217\124\214\177\026\170\001\225\356\230\230\000\040\000S\000o\000r\000t\000i\000n\000g\000\040\000a\000n\000d\000\040\000E\000n\000c\000o\000d\000i\000n\000g\000\040\000I\000s\000s\000u\000e\000s}{subsection.2.4}% 37
\BOOKMARK [3][-]{subsubsection.2.4.4}{\376\377\177\026\176\202\200\005\201\032\147\054\000\040\000E\000d\000i\000t\000o\000r\000s\000\040\000a\000n\000d\000\040\000C\000o\000m\000p\000i\000l\000e\000r\000\040\000S\000c\000r\000i\000p\000t\000s}{subsection.2.4}% 38
\BOOKMARK [1][-]{section.3}{\376\377\165\050\142\067\117\177\165\050\142\113\121\214}{}% 39
\BOOKMARK [2][-]{subsection.3.1}{\376\377\133\217\123\005\220\011\230\171}{section.3}% 40
\BOOKMARK [3][-]{subsubsection.3.1.1}{\376\377\122\240\217\175\220\011\230\171}{subsection.3.1}% 41
\BOOKMARK [3][-]{subsubsection.3.1.2}{\376\377\133\374\212\000\123\072\220\011\230\171}{subsection.3.1}% 42
\BOOKMARK [3][-]{subsubsection.3.1.3}{\376\377\147\141\166\356\220\011\230\171\000\040\000E\000n\000t\000r\000y\000\040\000O\000p\000t\000i\000o\000n\000s}{subsection.3.1}% 43
\BOOKMARK [3][-]{subsubsection.3.1.4}{\376\377\220\127\165\131\220\011\230\171\000\040\000L\000e\000g\000a\000c\000y\000\040\000O\000p\000t\000i\000o\000n\000s}{subsection.3.1}% 44
\BOOKMARK [2][-]{subsection.3.2}{\376\377\121\150\134\100\133\232\122\066\000\040\000G\000l\000o\000b\000a\000l\000\040\000C\000u\000s\000t\000o\000m\000i\000z\000a\000t\000i\000o\000n}{section.3}% 45
\BOOKMARK [3][-]{subsubsection.3.2.1}{\376\377\221\115\177\156\145\207\116\366\000\040\000C\000o\000n\000f\000i\000g\000u\000r\000a\000t\000i\000o\000n\000\040\000F\000i\000l\000e}{subsection.3.2}% 46
\BOOKMARK [3][-]{subsubsection.3.2.2}{\376\377\213\276\177\156\123\005\220\011\230\171\000\040\000S\000e\000t\000t\000i\000n\000g\000\040\000P\000a\000c\000k\000a\000g\000e\000\040\000O\000p\000t\000i\000o\000n\000s}{subsection.3.2}% 47
\BOOKMARK [2][-]{subsection.3.3}{\376\377\150\007\121\306\150\067\137\017\000\040\000S\000t\000a\000n\000d\000a\000r\000d\000\040\000S\000t\000y\000l\000e\000s}{section.3}% 48
\BOOKMARK [3][-]{subsubsection.3.3.1}{\376\377\150\007\154\350\150\067\137\017\000\040\000C\000i\000t\000a\000t\000i\000o\000n\000\040\000S\000t\000y\000l\000e\000s}{subsection.3.3}% 49
\BOOKMARK [3][-]{subsubsection.3.3.2}{\376\377\123\302\200\003\145\207\163\056\150\067\137\017\000\040\000B\000i\000b\000l\000i\000o\000g\000r\000a\000p\000h\000y\000\040\000S\000t\000y\000l\000e\000s}{subsection.3.3}% 50
\BOOKMARK [2][-]{subsection.3.4}{\376\377\166\370\121\163\147\141\166\356\000\040\000R\000e\000l\000a\000t\000e\000d\000\040\000E\000n\000t\000r\000i\000e\000s}{section.3}% 51
\BOOKMARK [2][-]{subsection.3.5}{\376\377\143\222\136\217\220\011\230\171\000\040\000S\000o\000r\000t\000i\000n\000g\000\040\000O\000p\000t\000i\000o\000n\000s}{section.3}% 52
\BOOKMARK [2][-]{subsection.3.6}{\376\377\123\302\200\003\145\207\163\056\124\175\116\344\000\040\000B\000i\000b\000l\000i\000o\000g\000r\000a\000p\000h\000y\000\040\000C\000o\000m\000m\000a\000n\000d\000s}{section.3}% 53
\BOOKMARK [3][-]{subsubsection.3.6.1}{\376\377\145\207\163\056\145\160\143\156\156\220\000\040\000R\000e\000s\000o\000u\000r\000c\000e\000s}{subsection.3.6}% 54
\BOOKMARK [3][-]{subsubsection.3.6.2}{\376\377\123\302\200\003\145\207\163\056\210\150\000\040\000T\000h\000e\000\040\000B\000i\000b\000l\000i\000o\000g\000r\000a\000p\000h\000y}{subsection.3.6}% 55
\BOOKMARK [3][-]{subsubsection.3.6.3}{\376\377\177\051\165\145\210\150\000\040\000T\000h\000e\000\040\000L\000i\000s\000t\000\040\000o\000f\000\040\000S\000h\000o\000r\000t\000h\000a\000n\000d\000s}{subsection.3.6}% 56
\BOOKMARK [3][-]{subsubsection.3.6.4}{\376\377\124\004\174\173\123\302\200\003\145\207\163\056\210\150\000\040\000B\000i\000b\000l\000i\000o\000g\000r\000a\000p\000h\000y\000\040\000L\000i\000s\000t\000s}{subsection.3.6}% 57
\BOOKMARK [3][-]{subsubsection.3.6.5}{\376\377\123\302\200\003\145\207\163\056\122\006\202\202\000\040\000B\000i\000b\000l\000i\000o\000g\000r\000a\000p\000h\000y\000\040\000S\000e\000c\000t\000i\000o\000n\000s}{subsection.3.6}% 58
\BOOKMARK [3][-]{subsubsection.3.6.6}{\376\377\123\302\200\003\145\207\163\056\122\006\220\350\000\040\000B\000i\000b\000l\000i\000o\000g\000r\000a\000p\000h\000y\000\040\000S\000e\000g\000m\000e\000n\000t\000s}{subsection.3.6}% 59
\BOOKMARK [3][-]{subsubsection.3.6.7}{\376\377\123\302\200\003\145\207\163\056\122\006\174\173\000\040\000B\000i\000b\000l\000i\000o\000g\000r\000a\000p\000h\000y\000\040\000C\000a\000t\000e\000g\000o\000r\000i\000e\000s}{subsection.3.6}% 60
\BOOKMARK [3][-]{subsubsection.3.6.8}{\376\377\123\302\200\003\145\207\163\056\150\007\230\230\124\214\163\257\130\203\000\040\000B\000i\000b\000l\000i\000o\000g\000r\000a\000p\000h\000y\000\040\000H\000e\000a\000d\000i\000n\000g\000s\000\040\000a\000n\000d\000\040\000E\000n\000v\000i\000r\000o\000n\000m\000e\000n\000t\000s}{subsection.3.6}% 61
\BOOKMARK [3][-]{subsubsection.3.6.9}{\376\377\123\302\200\003\145\207\163\056\154\350\221\312\000\040\000B\000i\000b\000l\000i\000o\000g\000r\000a\000p\000h\000y\000\040\000N\000o\000t\000e\000s}{subsection.3.6}% 62
\BOOKMARK [3][-]{subsubsection.3.6.10}{\376\377\123\302\200\003\145\207\163\056\217\307\156\344\124\214\150\300\147\345\000\040\000B\000i\000b\000l\000i\000o\000g\000r\000a\000p\000h\000y\000\040\000F\000i\000l\000t\000e\000r\000s\000\040\000a\000n\000d\000\040\000C\000h\000e\000c\000k\000s}{subsection.3.6}% 63
\BOOKMARK [3][-]{subsubsection.3.6.11}{\376\377\123\302\200\003\145\207\163\056\210\150\121\205\133\271\000\040\000B\000i\000b\000l\000i\000o\000g\000r\000a\000p\000h\000y\000\040\000C\000o\000n\000t\000e\000x\000t\000s}{subsection.3.6}% 64
\BOOKMARK [3][-]{subsubsection.3.6.12}{\376\377\122\250\140\001\147\141\166\356\226\306\000\040\000D\000y\000n\000a\000m\000i\000c\000\040\000E\000n\000t\000r\000y\000\040\000S\000e\000t\000s}{subsection.3.6}% 65
\BOOKMARK [2][-]{subsection.3.7}{\376\377\137\025\165\050\124\175\116\344\000\040\000C\000i\000t\000a\000t\000i\000o\000n\000\040\000C\000o\000m\000m\000a\000n\000d\000s}{section.3}% 66
\BOOKMARK [3][-]{subsubsection.3.7.1}{\376\377\150\007\121\306\124\175\116\344\000\040\000S\000t\000a\000n\000d\000a\000r\000d\000\040\000C\000o\000m\000m\000a\000n\000d\000s}{subsection.3.7}% 67
\BOOKMARK [3][-]{subsubsection.3.7.2}{\376\377\150\067\137\017\166\370\121\163\124\175\116\344\000\040\000S\000t\000y\000l\000e\000-\000s\000p\000e\000c\000i\000f\000i\000c\000\040\000C\000o\000m\000m\000a\000n\000d\000s}{subsection.3.7}% 68
\BOOKMARK [3][-]{subsubsection.3.7.3}{\376\377\147\011\226\120\150\007\154\350\210\150\000\040\000Q\000u\000a\000l\000i\000f\000i\000e\000d\000\040\000C\000i\000t\000a\000t\000i\000o\000n\000\040\000L\000i\000s\000t\000s}{subsection.3.7}% 69
\BOOKMARK [3][-]{subsubsection.3.7.4}{\376\377\116\016\150\067\137\017\145\340\121\163\166\204\124\175\116\344\000\040\000S\000t\000y\000l\000e\000-\000i\000n\000d\000e\000p\000e\000n\000d\000e\000n\000t\000\040\000C\000o\000m\000m\000a\000n\000d\000s}{subsection.3.7}% 70
\BOOKMARK [3][-]{subsubsection.3.7.5}{\376\377\145\207\147\054\124\175\116\344\000\040\000T\000e\000x\000t\000\040\000C\000o\000m\000m\000a\000n\000d\000s}{subsection.3.7}% 71
\BOOKMARK [3][-]{subsubsection.3.7.6}{\376\377\162\171\153\212\124\175\116\344\000\040\000S\000p\000e\000c\000i\000a\000l\000\040\000C\000o\000m\000m\000a\000n\000d\000s}{subsection.3.7}% 72
\BOOKMARK [3][-]{subsubsection.3.7.7}{\376\377\136\225\134\102\124\175\116\344\000\040\000L\000o\000w\000-\000l\000e\000v\000e\000l\000\040\000C\000o\000m\000m\000a\000n\000d\000s}{subsection.3.7}% 73
\BOOKMARK [3][-]{subsubsection.3.7.8}{\376\377\121\166\133\203\124\175\116\344\000\040\000M\000i\000s\000c\000e\000l\000l\000a\000n\000e\000o\000u\000s\000\040\000C\000o\000m\000m\000a\000n\000d\000s}{subsection.3.7}% 74
\BOOKMARK [3][-]{subsubsection.3.7.9}{\376\377\116\016\000n\000a\000t\000b\000i\000b\121\174\133\271\166\204\124\175\116\344\000\040\000n\000a\000t\000b\000i\000b\000\040\000C\000o\000m\000p\000a\000t\000i\000b\000i\000l\000i\000t\000y\000\040\000C\000o\000m\000m\000a\000n\000d\000s}{subsection.3.7}% 75
\BOOKMARK [3][-]{subsubsection.3.7.10}{\376\377\174\173\117\074\000m\000c\000i\000t\000e\176\331\166\204\150\007\154\350\124\175\116\344\000\040\000m\000c\000i\000t\000e\000-\000l\000i\000k\000e\000\040\000C\000i\000t\000a\000t\000i\000o\000n\000\040\000C\000o\000m\000m\000a\000n\000d\000s}{subsection.3.7}% 76
\BOOKMARK [2][-]{subsection.3.8}{\376\377\147\054\127\060\123\026\124\175\116\344\000\040\000L\000o\000c\000a\000l\000i\000z\000a\000t\000i\000o\000n\000\040\000C\000o\000m\000m\000a\000n\000d\000s}{section.3}% 77
\BOOKMARK [2][-]{subsection.3.9}{\376\377\150\074\137\017\124\175\116\344\000\040\000F\000o\000r\000m\000a\000t\000t\000i\000n\000g\000\040\000C\000o\000m\000m\000a\000n\000d\000s}{section.3}% 78
\BOOKMARK [3][-]{subsubsection.3.9.1}{\376\377\116\000\202\054\124\175\116\344\124\214\224\251\133\120\000\040\000G\000e\000n\000e\000r\000i\000c\000\040\000C\000o\000m\000m\000a\000n\000d\000s\000\040\000a\000n\000d\000\040\000H\000o\000o\000k\000s}{subsection.3.9}% 79
\BOOKMARK [3][-]{subsubsection.3.9.2}{\376\377\213\355\212\000\166\370\121\163\124\175\116\344\000\040\000L\000a\000n\000g\000u\000a\000g\000e\000-\000s\000p\000e\000c\000i\000f\000i\000c\000\040\000C\000o\000m\000m\000a\000n\000d\000s}{subsection.3.9}% 80
\BOOKMARK [3][-]{subsubsection.3.9.3}{\376\377\134\072\133\370\124\214\213\241\145\160\126\150\000\040\000L\000e\000n\000g\000t\000h\000s\000\040\000a\000n\000d\000\040\000C\000o\000u\000n\000t\000e\000r\000s}{subsection.3.9}% 81
\BOOKMARK [3][-]{subsubsection.3.9.4}{\376\377\131\032\165\050\220\024\124\175\116\344\000\040\000A\000l\000l\000-\000p\000u\000r\000p\000o\000s\000e\000\040\000C\000o\000m\000m\000a\000n\000d\000s}{subsection.3.9}% 82
\BOOKMARK [2][-]{subsection.3.10}{\376\377\213\355\212\000\154\350\141\017\160\271\000\040\000L\000a\000n\000g\000u\000a\000g\000e\000\040\000n\000o\000t\000e\000s}{section.3}% 83
\BOOKMARK [3][-]{subsubsection.3.10.1}{\376\377\177\216\213\355\000\040\000A\000m\000e\000r\000i\000c\000a\000n}{subsection.3.10}% 84
\BOOKMARK [3][-]{subsubsection.3.10.2}{\376\377\211\177\163\355\162\131\213\355\000\040\000S\000p\000a\000n\000i\000s\000h}{subsection.3.10}% 85
\BOOKMARK [3][-]{subsubsection.3.10.3}{\376\377\136\014\201\112\213\355\000\040\000G\000r\000e\000e\000k}{subsection.3.10}% 86
\BOOKMARK [3][-]{subsubsection.3.10.4}{\376\377\117\304\213\355\000\040\000R\000u\000s\000s\000i\000a\000n}{subsection.3.10}% 87
\BOOKMARK [2][-]{subsection.3.11}{\376\377\165\050\154\325\154\350\141\017\160\271\000\040\000U\000s\000a\000g\000e\000\040\000N\000o\000t\000e\000s}{section.3}% 88
\BOOKMARK [3][-]{subsubsection.3.11.1}{\376\377\151\202\217\360\000\040\000O\000v\000e\000r\000v\000i\000e\000w}{subsection.3.11}% 89
\BOOKMARK [3][-]{subsubsection.3.11.2}{\376\377\217\205\122\251\145\207\116\366\000\040\000A\000u\000x\000i\000l\000i\000a\000r\000y\000\040\000F\000i\000l\000e\000s}{subsection.3.11}% 90
\BOOKMARK [3][-]{subsubsection.3.11.3}{\376\377\131\032\116\052\123\302\200\003\145\207\163\056\210\150\000\040\000M\000u\000l\000t\000i\000p\000l\000e\000\040\000B\000i\000b\000l\000i\000o\000g\000r\000a\000p\000h\000i\000e\000s}{subsection.3.11}% 91
\BOOKMARK [3][-]{subsubsection.3.11.4}{\376\377\133\120\123\302\200\003\145\207\163\056\210\150\000\040\000S\000u\000b\000d\000i\000v\000i\000d\000e\000d\000\040\000B\000i\000b\000l\000i\000o\000g\000r\000a\000p\000h\000i\000e\000s}{subsection.3.11}% 92
\BOOKMARK [3][-]{subsubsection.3.11.5}{\376\377\147\141\166\356\226\306\000\040\000E\000n\000t\000r\000y\000\040\000S\000e\000t\000s}{subsection.3.11}% 93
\BOOKMARK [3][-]{subsubsection.3.11.6}{\376\377\145\160\143\156\133\271\126\150\000\040\000D\000a\000t\000a\000\040\000C\000o\000n\000t\000a\000i\000n\000e\000r\000s}{subsection.3.11}% 94
\BOOKMARK [3][-]{subsubsection.3.11.7}{\376\377\165\065\133\120\121\372\162\110\117\341\140\157\000\040\000E\000l\000e\000c\000t\000r\000o\000n\000i\000c\000\040\000P\000u\000b\000l\000i\000s\000h\000i\000n\000g\000\040\000I\000n\000f\000o\000r\000m\000a\000t\000i\000o\000n}{subsection.3.11}% 95
\BOOKMARK [3][-]{subsubsection.3.11.8}{\376\377\230\235\131\026\166\204\144\130\211\201\124\214\154\350\221\312\000\040\000E\000x\000t\000e\000r\000n\000a\000l\000\040\000A\000b\000s\000t\000r\000a\000c\000t\000s\000\040\000a\000n\000d\000\040\000A\000n\000n\000o\000t\000a\000t\000i\000o\000n\000s}{subsection.3.11}% 96
\BOOKMARK [2][-]{subsection.3.12}{\376\377\143\320\171\072\116\016\213\146\124\112\000\040\000H\000i\000n\000t\000s\000\040\000a\000n\000d\000\040\000C\000a\000v\000e\000a\000t\000s}{section.3}% 97
\BOOKMARK [3][-]{subsubsection.3.12.1}{\376\377\116\016\000K\000O\000M\000A\000-\000S\000c\000r\000i\000p\000t\174\173\121\161\165\050\166\204\145\271\154\325\000\040\000U\000s\000a\000g\000e\000\040\000w\000i\000t\000h\000\040\000K\000O\000M\000A\000-\000S\000c\000r\000i\000p\000t\000\040\000C\000l\000a\000s\000s\000e\000s}{subsection.3.12}% 98
\BOOKMARK [3][-]{subsubsection.3.12.2}{\376\377\116\016\000M\000e\000m\000o\000i\000r\174\173\121\161\165\050\166\204\145\271\154\325\000\040\000U\000s\000a\000g\000e\000\040\000w\000i\000t\000h\000\040\000t\000h\000e\000\040\000M\000e\000m\000o\000i\000r\000\040\000C\000l\000a\000s\000s}{subsection.3.12}% 99
\BOOKMARK [3][-]{subsubsection.3.12.3}{\376\377\150\007\154\350\116\055\166\204\230\165\170\001\000\040\000P\000a\000g\000e\000\040\000N\000u\000m\000b\000e\000r\000s\000\040\000i\000n\000\040\000C\000i\000t\000a\000t\000i\000o\000n\000s}{subsection.3.12}% 100
\BOOKMARK [3][-]{subsubsection.3.12.4}{\376\377\131\323\124\015\176\304\142\020\220\350\122\006\123\312\121\166\225\364\215\335\000\040\000N\000a\000m\000e\000\040\000P\000a\000r\000t\000s\000\040\000a\000n\000d\000\040\000N\000a\000m\000e\000\040\000S\000p\000a\000c\000i\000n\000g}{subsection.3.12}% 101
\BOOKMARK [3][-]{subsubsection.3.12.5}{\376\377\123\302\200\003\145\207\163\056\173\133\220\011\126\150\124\214\150\007\154\350\150\007\173\176\000\040\000B\000i\000b\000l\000i\000o\000g\000r\000a\000p\000h\000y\000\040\000F\000i\000l\000t\000e\000r\000s\000\040\000a\000n\000d\000\040\000C\000i\000t\000a\000t\000i\000o\000n\000\040\000L\000a\000b\000e\000l\000s}{subsection.3.12}% 102
\BOOKMARK [3][-]{subsubsection.3.12.6}{\376\377\123\302\200\003\145\207\163\056\150\007\230\230\116\055\166\204\155\073\122\250\133\127\173\046\000\040\000A\000c\000t\000i\000v\000e\000\040\000C\000h\000a\000r\000a\000c\000t\000e\000r\000s\000\040\000i\000n\000\040\000B\000i\000b\000l\000i\000o\000g\000r\000a\000p\000h\000y\000\040\000H\000e\000a\000d\000i\000n\000g\000s}{subsection.3.12}% 103
\BOOKMARK [3][-]{subsubsection.3.12.7}{\376\377\127\050\123\302\200\003\145\207\163\056\122\006\202\202\124\214\122\006\220\350\116\055\166\204\177\026\176\304\000\040\000G\000r\000o\000u\000p\000i\000n\000g\000\040\000i\000n\000\040\000R\000e\000f\000e\000r\000e\000n\000c\000e\000\040\000S\000e\000c\000t\000i\000o\000n\000s\000\040\000a\000n\000d\000\040\000S\000e\000g\000m\000e\000n\000t\000s}{subsection.3.12}% 104
\BOOKMARK [1][-]{section.4}{\376\377\150\067\137\017\117\134\200\005\143\007\123\127}{}% 105
\BOOKMARK [2][-]{subsection.4.1}{\376\377\151\202\217\360\000\040\000O\000v\000e\000r\000v\000i\000e\000w}{section.4}% 106
\BOOKMARK [2][-]{subsection.4.2}{\376\377\123\302\200\003\145\207\163\056\150\067\137\017\000\040\000B\000i\000b\000l\000i\000o\000g\000r\000a\000p\000h\000y\000\040\000S\000t\000y\000l\000e\000s}{section.4}% 107
\BOOKMARK [3][-]{subsubsection.4.2.1}{\376\377\123\302\200\003\145\207\163\056\150\067\137\017\145\207\116\366\000\040\000B\000i\000b\000l\000i\000o\000g\000r\000a\000p\000h\000y\000\040\000S\000t\000y\000l\000e\000\040\000F\000i\000l\000e\000s}{subsection.4.2}% 108
\BOOKMARK [3][-]{subsubsection.4.2.2}{\376\377\123\302\200\003\145\207\163\056\163\257\130\203\000\040\000B\000i\000b\000l\000i\000o\000g\000r\000a\000p\000h\000y\000\040\000E\000n\000v\000i\000r\000o\000n\000m\000e\000n\000t\000s}{subsection.4.2}% 109
\BOOKMARK [3][-]{subsubsection.4.2.3}{\376\377\123\302\200\003\145\207\163\056\232\161\122\250\000\040\000B\000i\000b\000l\000i\000o\000g\000r\000a\000p\000h\000y\000\040\000D\000r\000i\000v\000e\000r\000s}{subsection.4.2}% 110
\BOOKMARK [3][-]{subsubsection.4.2.4}{\376\377\162\171\153\212\127\337\000\040\000S\000p\000e\000c\000i\000a\000l\000\040\000F\000i\000e\000l\000d\000s}{subsection.4.2}% 111
\BOOKMARK [2][-]{subsection.4.3}{\376\377\150\007\154\350\150\067\137\017\000\040\000C\000i\000t\000a\000t\000i\000o\000n\000\040\000S\000t\000y\000l\000e\000s}{section.4}% 112
\BOOKMARK [3][-]{subsubsection.4.3.1}{\376\377\150\007\154\350\150\067\137\017\145\207\116\366\000\040\000C\000i\000t\000a\000t\000i\000o\000n\000\040\000S\000t\000y\000l\000e\000\040\000F\000i\000l\000e\000s}{subsection.4.3}% 113
\BOOKMARK [3][-]{subsubsection.4.3.2}{\376\377\162\171\153\212\127\337\000\040\000S\000p\000e\000c\000i\000a\000l\000\040\000F\000i\000e\000l\000d\000s}{subsection.4.3}% 114
\BOOKMARK [2][-]{subsection.4.4}{\376\377\145\160\143\156\143\245\123\343\000\040\000D\000a\000t\000a\000\040\000I\000n\000t\000e\000r\000f\000a\000c\000e}{section.4}% 115
\BOOKMARK [3][-]{subsubsection.4.4.1}{\376\377\145\160\143\156\124\175\116\344\000\040\000D\000a\000t\000a\000\040\000C\000o\000m\000m\000a\000n\000d\000s}{subsection.4.4}% 116
\BOOKMARK [3][-]{subsubsection.4.4.2}{\376\377\150\074\137\017\123\026\143\007\116\344\000\040\000F\000o\000r\000m\000a\000t\000t\000i\000n\000g\000\040\000D\000i\000r\000e\000c\000t\000i\000v\000e\000s}{subsection.4.4}% 117
\BOOKMARK [2][-]{subsection.4.5}{\376\377\201\352\133\232\116\111\000\040\000C\000u\000s\000t\000o\000m\000i\000z\000a\000t\000i\000o\000n}{section.4}% 118
\BOOKMARK [3][-]{subsubsection.4.5.1}{\376\377\121\163\200\124\147\141\166\356\000\040\000R\000e\000l\000a\000t\000e\000d\000\040\000E\000n\000t\000r\000i\000e\000s}{subsection.4.5}% 119
\BOOKMARK [3][-]{subsubsection.4.5.2}{\376\377\145\160\143\156\122\250\140\001\117\356\145\071\000\040\000D\000y\000n\000a\000m\000i\000c\000\040\000M\000o\000d\000i\000f\000i\000c\000a\000t\000i\000o\000n\000\040\000o\000f\000\040\000D\000a\000t\000a}{subsection.4.5}% 120
\BOOKMARK [3][-]{subsubsection.4.5.3}{\376\377\145\160\143\156\152\041\127\213\211\304\203\003\000\040\000D\000a\000t\000a\000\040\000M\000o\000d\000e\000l\000\040\000S\000p\000e\000c\000i\000f\000i\000c\000a\000t\000i\000o\000n}{subsection.4.5}% 121
\BOOKMARK [3][-]{subsubsection.4.5.4}{\376\377\150\007\173\176\000\040\000L\000a\000b\000e\000l\000s}{subsection.4.5}% 122
\BOOKMARK [3][-]{subsubsection.4.5.5}{\376\377\143\222\136\217\000\040\000S\000o\000r\000t\000i\000n\000g}{subsection.4.5}% 123
\BOOKMARK [3][-]{subsubsection.4.5.6}{\376\377\123\302\200\003\145\207\163\056\210\150\217\307\156\344\126\150\000\040\000B\000i\000b\000l\000i\000o\000g\000r\000a\000p\000h\000y\000\040\000L\000i\000s\000t\000\040\000F\000i\000l\000t\000e\000r\000s}{subsection.4.5}% 124
\BOOKMARK [3][-]{subsubsection.4.5.7}{\376\377\143\247\122\066\131\323\124\015\231\226\133\127\153\315\165\037\142\020\000\040\000C\000o\000n\000t\000r\000o\000l\000l\000i\000n\000g\000\040\000N\000a\000m\000e\000\040\000I\000n\000i\000t\000i\000a\000l\000s\000\040\000G\000e\000n\000e\000r\000a\000t\000i\000o\000n}{subsection.4.5}% 125
\BOOKMARK [3][-]{subsubsection.4.5.8}{\376\377\143\222\136\217\137\256\214\003\000\040\000F\000i\000n\000e\000\040\000T\000u\000n\000i\000n\000g\000\040\000S\000o\000r\000t\000i\000n\000g}{subsection.4.5}% 126
\BOOKMARK [3][-]{subsubsection.4.5.9}{\376\377\162\171\153\212\127\337\000\040\000S\000p\000e\000c\000i\000a\000l\000\040\000F\000i\000e\000l\000d\000s}{subsection.4.5}% 127
\BOOKMARK [3][-]{subsubsection.4.5.10}{\376\377\145\160\143\156\176\347\142\177\000\040\000D\000a\000t\000a\000\040\000I\000n\000h\000e\000r\000i\000t\000a\000n\000c\000e\000\040\000\050\000c\000r\000o\000s\000s\000r\000e\000f\000\051}{subsection.4.5}% 128
\BOOKMARK [2][-]{subsection.4.6}{\376\377\217\205\122\251\124\175\116\344\000\040\000A\000u\000x\000i\000l\000i\000a\000r\000y\000\040\000C\000o\000m\000m\000a\000n\000d\000s}{section.4}% 129
\BOOKMARK [3][-]{subsubsection.4.6.1}{\376\377\145\160\143\156\124\175\116\344\000\040\000D\000a\000t\000a\000\040\000C\000o\000m\000m\000a\000n\000d\000s}{subsection.4.6}% 130
\BOOKMARK [3][-]{subsubsection.4.6.2}{\376\377\162\354\172\313\122\044\145\255\124\175\116\344\000\040\000S\000t\000a\000n\000d\000-\000a\000l\000o\000n\000e\000\040\000T\000e\000s\000t\000s}{subsection.4.6}% 131
\BOOKMARK [3][-]{subsubsection.4.6.3}{\376\377\117\177\165\050\000i\000f\000b\000o\000o\000l\000e\000x\000p\000r\124\214\000i\000f\000t\000h\000e\000n\000e\000l\000s\000e\166\204\122\044\145\255\000\040\000T\000e\000s\000t\000s\000\040\000w\000i\000t\000h\000\040\000i\000f\000b\000o\000o\000l\000e\000x\000p\000r\000\040\000a\000n\000d\000\040\000i\000f\000t\000h\000e\000n\000e\000l\000s\000e}{subsection.4.6}% 132
\BOOKMARK [3][-]{subsubsection.4.6.4}{\376\377\176\374\124\010\124\175\116\344\000\040\000M\000i\000s\000c\000e\000l\000l\000a\000n\000e\000o\000u\000s\000\040\000C\000o\000m\000m\000a\000n\000d\000s}{subsection.4.6}% 133
\BOOKMARK [2][-]{subsection.4.7}{\376\377\150\007\160\271\000\040\000P\000u\000n\000c\000t\000u\000a\000t\000i\000o\000n}{section.4}% 134
\BOOKMARK [3][-]{subsubsection.4.7.1}{\376\377\127\127\124\214\123\125\121\103\150\007\160\271\000\040\000B\000l\000o\000c\000k\000\040\000a\000n\000d\000\040\000U\000n\000i\000t\000\040\000P\000u\000n\000c\000t\000u\000a\000t\000i\000o\000n}{subsection.4.7}% 135
\BOOKMARK [3][-]{subsubsection.4.7.2}{\376\377\150\007\160\271\122\044\145\255\000\040\000P\000u\000n\000c\000t\000u\000a\000t\000i\000o\000n\000\040\000T\000e\000s\000t\000s}{subsection.4.7}% 136
\BOOKMARK [3][-]{subsubsection.4.7.3}{\376\377\155\373\122\240\150\007\160\271\000\040\000A\000d\000d\000i\000n\000g\000\040\000P\000u\000n\000c\000t\000u\000a\000t\000i\000o\000n}{subsection.4.7}% 137
\BOOKMARK [3][-]{subsubsection.4.7.4}{\376\377\155\373\122\240\172\172\150\074\000\040\000A\000d\000d\000i\000n\000g\000\040\000W\000h\000i\000t\000e\000s\000p\000a\000c\000e}{subsection.4.7}% 138
\BOOKMARK [3][-]{subsubsection.4.7.5}{\376\377\150\007\160\271\213\276\177\156\124\214\131\047\121\231\000\040\000C\000o\000n\000f\000i\000g\000u\000r\000i\000n\000g\000\040\000P\000u\000n\000c\000t\000u\000a\000t\000i\000o\000n\000\040\000a\000n\000d\000\040\000C\000a\000p\000i\000t\000a\000l\000i\000z\000a\000t\000i\000o\000n}{subsection.4.7}% 139
\BOOKMARK [3][-]{subsubsection.4.7.6}{\376\377\117\356\153\143\150\007\160\271\217\375\216\052\000\040\000C\000o\000r\000r\000e\000c\000t\000i\000n\000g\000\040\000P\000u\000n\000c\000t\000u\000a\000t\000i\000o\000n\000\040\000T\000r\000a\000c\000k\000i\000n\000g}{subsection.4.7}% 140
\BOOKMARK [2][-]{subsection.4.8}{\376\377\147\054\127\060\123\026\133\127\173\046\116\062\000\040\000L\000o\000c\000a\000l\000i\000z\000a\000t\000i\000o\000n\000\040\000S\000t\000r\000i\000n\000g\000s}{section.4}% 141
\BOOKMARK [2][-]{subsection.4.9}{\376\377\147\054\127\060\123\026\152\041\127\127\000\040\000L\000o\000c\000a\000l\000i\000z\000a\000t\000i\000o\000n\000\040\000M\000o\000d\000u\000l\000e\000s}{section.4}% 142
\BOOKMARK [3][-]{subsubsection.4.9.1}{\376\377\147\054\127\060\123\026\124\175\116\344\000\040\000L\000o\000c\000a\000l\000i\000z\000a\000t\000i\000o\000n\000\040\000C\000o\000m\000m\000a\000n\000d\000s}{subsection.4.9}% 143
\BOOKMARK [3][-]{subsubsection.4.9.2}{\376\377\147\054\127\060\123\026\121\163\225\056\213\315\000\040\000L\000o\000c\000a\000l\000i\000z\000a\000t\000i\000o\000n\000\040\000K\000e\000y\000s}{subsection.4.9}% 144
\BOOKMARK [2][-]{subsection.4.10}{\376\377\150\074\137\017\123\026\124\175\116\344\000\040\000F\000o\000r\000m\000a\000t\000t\000i\000n\000g\000\040\000C\000o\000m\000m\000a\000n\000d\000s}{section.4}% 145
\BOOKMARK [3][-]{subsubsection.4.10.1}{\376\377\165\050\142\067\123\357\133\232\116\111\166\204\124\175\116\344\124\214\224\251\133\120\000\040\000U\000s\000e\000r\000-\000d\000e\000f\000i\000n\000a\000b\000l\000e\000\040\000C\000o\000m\000m\000a\000n\000d\000s\000\040\000a\000n\000d\000\040\000H\000o\000o\000k\000s}{subsection.4.10}% 146
\BOOKMARK [3][-]{subsubsection.4.10.2}{\376\377\116\015\124\014\213\355\212\000\166\204\124\175\116\344\000\040\000L\000a\000n\000g\000u\000a\000g\000e\000-\000s\000p\000e\000c\000i\000f\000i\000c\000\040\000C\000o\000m\000m\000a\000n\000d\000s}{subsection.4.10}% 147
\BOOKMARK [3][-]{subsubsection.4.10.3}{\376\377\165\050\142\067\123\357\133\232\116\111\166\204\134\072\133\370\124\214\213\241\145\160\126\150\000\040\000U\000s\000e\000r\000-\000d\000e\000f\000i\000n\000a\000b\000l\000e\000\040\000L\000e\000n\000g\000t\000h\000s\000\040\000a\000n\000d\000\040\000C\000o\000u\000n\000t\000e\000r\000s}{subsection.4.10}% 148
\BOOKMARK [3][-]{subsubsection.4.10.4}{\376\377\217\205\122\251\124\175\116\344\124\214\224\251\133\120\000\040\000A\000u\000x\000i\000l\000i\000a\000r\000y\000\040\000C\000o\000m\000m\000a\000n\000d\000s\000\040\000a\000n\000d\000\040\000H\000o\000o\000k\000s}{subsection.4.10}% 149
\BOOKMARK [3][-]{subsubsection.4.10.5}{\376\377\217\205\122\251\225\177\136\246\213\241\145\160\126\150\124\214\121\166\133\203\122\237\200\375\000\040\000A\000u\000x\000i\000l\000i\000a\000r\000y\000\040\000L\000e\000n\000g\000t\000h\000s\000,\000\040\000C\000o\000u\000n\000t\000e\000r\000s\000,\000\040\000a\000n\000d\000\040\000O\000t\000h\000e\000r\000\040\000F\000e\000a\000t\000u\000r\000e\000s}{subsection.4.10}% 150
\BOOKMARK [3][-]{subsubsection.4.10.6}{\376\377\116\000\202\054\166\356\166\204\166\204\224\251\133\120\000\040\000G\000e\000n\000e\000r\000a\000l\000\040\000P\000u\000r\000p\000o\000s\000e\000\040\000H\000o\000o\000k\000s}{subsection.4.10}% 151
\BOOKMARK [2][-]{subsection.4.11}{\376\377\143\320\171\072\116\016\213\146\124\112\000\040\000H\000i\000n\000t\000s\000\040\000a\000n\000d\000\040\000C\000a\000v\000e\000a\000t\000s}{section.4}% 152
\BOOKMARK [3][-]{subsubsection.4.11.1}{\376\377\147\141\166\356\226\306\000\040\000E\000n\000t\000r\000y\000\040\000S\000e\000t\000s}{subsection.4.11}% 153
\BOOKMARK [3][-]{subsubsection.4.11.2}{\376\377\165\065\133\120\121\372\162\110\117\341\140\157\000\040\000E\000l\000e\000c\000t\000r\000o\000n\000i\000c\000\040\000P\000u\000b\000l\000i\000s\000h\000i\000n\000g\000\040\000I\000n\000f\000o\000r\000m\000a\000t\000i\000o\000n}{subsection.4.11}% 154
\BOOKMARK [3][-]{subsubsection.4.11.3}{\376\377\230\235\131\026\166\204\144\130\211\201\124\214\154\350\221\312\000\040\000E\000x\000t\000e\000r\000n\000a\000l\000\040\000A\000b\000s\000t\000r\000a\000c\000t\000s\000\040\000a\000n\000d\000\040\000A\000n\000n\000o\000t\000a\000t\000i\000o\000n\000s}{subsection.4.11}% 155
\BOOKMARK [3][-]{subsubsection.4.11.4}{\376\377\155\210\226\144\131\323\124\015\153\147\116\111\000\040\000N\000a\000m\000e\000\040\000D\000i\000s\000a\000m\000b\000i\000g\000u\000a\000t\000i\000o\000n}{subsection.4.11}% 156
\BOOKMARK [3][-]{subsubsection.4.11.5}{\376\377\155\156\122\250\117\123\124\214\000T\000O\000C\000/\000L\000O\000T\000/\000L\000O\000F\116\055\166\204\217\375\216\052\126\150\000\040\000T\000r\000a\000c\000k\000e\000r\000s\000\040\000i\000n\000\040\000F\000l\000o\000a\000t\000s\000\040\000a\000n\000d\000\040\000T\000O\000C\000/\000L\000O\000T\000/\000L\000O\000F}{subsection.4.11}% 157
\BOOKMARK [3][-]{subsubsection.4.11.6}{\376\377\155\367\124\010\177\026\172\013\143\245\123\343\000\040\000M\000i\000x\000i\000n\000g\000\040\000P\000r\000o\000g\000r\000a\000m\000m\000i\000n\000g\000\040\000I\000n\000t\000e\000r\000f\000a\000c\000e\000s}{subsection.4.11}% 158
\BOOKMARK [3][-]{subsubsection.4.11.7}{\376\377\117\177\165\050\150\007\160\271\217\375\216\052\000\040\000U\000s\000i\000n\000g\000\040\000t\000h\000e\000\040\000P\000u\000n\000c\000t\000u\000a\000t\000i\000o\000n\000\040\000T\000r\000a\000c\000k\000e\000r}{subsection.4.11}% 159
\BOOKMARK [3][-]{subsubsection.4.11.8}{\376\377\133\232\122\066\147\054\127\060\123\026\152\041\127\213\000\040\000C\000u\000s\000t\000o\000m\000\040\000L\000o\000c\000a\000l\000i\000z\000a\000t\000i\000o\000n\000\040\000M\000o\000d\000u\000l\000e\000s}{subsection.4.11}% 160
\BOOKMARK [3][-]{subsubsection.4.11.9}{\376\377\177\026\176\304\000\040\000G\000r\000o\000u\000p\000i\000n\000g}{subsection.4.11}% 161
\BOOKMARK [3][-]{subsubsection.4.11.10}{\376\377\131\323\124\015\121\205\166\204\225\364\215\335\000\040\000N\000a\000m\000e\000s\000p\000a\000c\000e\000s}{subsection.4.11}% 162
\BOOKMARK [1][-]{section*.1}{\376\377\226\104\137\125}{}% 163
\BOOKMARK [1][-]{appendix.A}{\376\377\236\330\213\244\166\204\232\161\122\250\156\220\146\040\134\004}{}% 164
\BOOKMARK [2][-]{subsection.A.1}{\376\377\000b\000i\000b\000t\000e\000x}{appendix.A}% 165
\BOOKMARK [2][-]{subsection.A.2}{\376\377\000e\000n\000d\000n\000o\000t\000e\000x\000m\000l}{appendix.A}% 166
\BOOKMARK [2][-]{subsection.A.3}{\376\377\000r\000i\000s}{appendix.A}% 167
\BOOKMARK [2][-]{subsection.A.4}{\376\377\000z\000o\000t\000e\000r\000o\000r\000d\000f\000x\000m\000l}{appendix.A}% 168
\BOOKMARK [1][-]{appendix.B}{\376\377\236\330\213\244\166\204\176\347\142\177\213\276\177\156}{}% 169
\BOOKMARK [1][-]{appendix.C}{\376\377\236\330\213\244\166\204\143\222\136\217\145\271\137\017}{}% 170
\BOOKMARK [2][-]{subsection.C.1}{\376\377\000A\000l\000p\000h\000a\000b\000e\000t\000i\000c\000\040\0001}{appendix.C}% 171
\BOOKMARK [2][-]{subsection.C.2}{\376\377\000A\000l\000p\000h\000a\000b\000e\000t\000i\000c\000\040\0002}{appendix.C}% 172
\BOOKMARK [2][-]{subsection.C.3}{\376\377\000C\000h\000r\000o\000n\000o\000l\000o\000g\000i\000c\000a\000l}{appendix.C}% 173
\BOOKMARK [1][-]{appendix.D}{\376\377\220\011\230\171\226\306\124\010}{}% 174
\BOOKMARK [1][-]{appendix.E}{\376\377\146\364\145\260\123\206\123\362}{}% 175
